# JRE version: Java(TM) SE Runtime Environment (8.0_171-b11) (build 1.8.0_171-b11)
# Java VM: Java HotSpot(TM) 64-Bit Server VM (25.171-b11 mixed mode windows-amd64 compressed oops)
Heap:
 PSYoungGen      total 239104K, used 107346K [0x00000000eab00000, 0x0000000100000000, 0x0000000100000000)
  eden space 142336K, 34% used [0x00000000eab00000,0x00000000edae6478,0x00000000f3600000)
  from space 96768K, 60% used [0x00000000f3600000,0x00000000f6eee6e8,0x00000000f9480000)
  to   space 99840K, 0% used [0x00000000f9e80000,0x00000000f9e80000,0x0000000100000000)
 ParOldGen       total 588288K, used 406865K [0x00000000c0000000, 0x00000000e3e80000, 0x00000000eab00000)
  object space 588288K, 69% used [0x00000000c0000000,0x00000000d8d54708,0x00000000e3e80000)
 Metaspace       used 108715K, capacity 115488K, committed 115992K, reserved 1150976K
  class space    used 13456K, capacity 14708K, committed 14896K, reserved 1048576K
GC Heap History (10 events):
Event: 29876.157 GC heap before
{Heap before GC invocations=227 (full 12):
 PSYoungGen      total 266752K, used 243199K [0x00000000eab00000, 0x0000000100000000, 0x0000000100000000)
  eden space 193536K, 100% used [0x00000000eab00000,0x00000000f6800000,0x00000000f6800000)
  from space 73216K, 67% used [0x00000000fb800000,0x00000000fe87fd20,0x00000000fff80000)
  to   space 77824K, 0% used [0x00000000f6800000,0x00000000f6800000,0x00000000fb400000)
 ParOldGen       total 588288K, used 214307K [0x00000000c0000000, 0x00000000e3e80000, 0x00000000eab00000)
  object space 588288K, 36% used [0x00000000c0000000,0x00000000cd148e70,0x00000000e3e80000)
 Metaspace       used 108702K, capacity 115424K, committed 115992K, reserved 1150976K
  class space    used 13455K, capacity 14708K, committed 14896K, reserved 1048576K
Event: 29876.318 GC heap after
Heap after GC invocations=227 (full 12):
 PSYoungGen      total 271360K, used 77793K [0x00000000eab00000, 0x0000000100000000, 0x0000000100000000)
  eden space 193536K, 0% used [0x00000000eab00000,0x00000000eab00000,0x00000000f6800000)
  from space 77824K, 99% used [0x00000000f6800000,0x00000000fb3f87b0,0x00000000fb400000)
  to   space 77824K, 0% used [0x00000000fb400000,0x00000000fb400000,0x0000000100000000)
 ParOldGen       total 588288K, used 259264K [0x00000000c0000000, 0x00000000e3e80000, 0x00000000eab00000)
  object space 588288K, 44% used [0x00000000c0000000,0x00000000cfd30040,0x00000000e3e80000)
 Metaspace       used 108702K, capacity 115424K, committed 115992K, reserved 1150976K
  class space    used 13455K, capacity 14708K, committed 14896K, reserved 1048576K
}
Event: 29877.521 GC heap before
{Heap before GC invocations=228 (full 12):
 PSYoungGen      total 271360K, used 271329K [0x00000000eab00000, 0x0000000100000000, 0x0000000100000000)
  eden space 193536K, 100% used [0x00000000eab00000,0x00000000f6800000,0x00000000f6800000)
  from space 77824K, 99% used [0x00000000f6800000,0x00000000fb3f87b0,0x00000000fb400000)
  to   space 77824K, 0% used [0x00000000fb400000,0x00000000fb400000,0x0000000100000000)
 ParOldGen       total 588288K, used 259264K [0x00000000c0000000, 0x00000000e3e80000, 0x00000000eab00000)
  object space 588288K, 44% used [0x00000000c0000000,0x00000000cfd30040,0x00000000e3e80000)
 Metaspace       used 108702K, capacity 115424K, committed 115992K, reserved 1150976K
  class space    used 13455K, capacity 14708K, committed 14896K, reserved 1048576K
Event: 29877.821 GC heap after
Heap after GC invocations=228 (full 12):
 PSYoungGen      total 219136K, used 42221K [0x00000000eab00000, 0x0000000100000000, 0x0000000100000000)
  eden space 141312K, 0% used [0x00000000eab00000,0x00000000eab00000,0x00000000f3500000)
  from space 77824K, 54% used [0x00000000fb400000,0x00000000fdd3b5f0,0x0000000100000000)
  to   space 103936K, 0% used [0x00000000f3500000,0x00000000f3500000,0x00000000f9a80000)
 ParOldGen       total 588288K, used 336883K [0x00000000c0000000, 0x00000000e3e80000, 0x00000000eab00000)
  object space 588288K, 57% used [0x00000000c0000000,0x00000000d48fcc38,0x00000000e3e80000)
 Metaspace       used 108702K, capacity 115424K, committed 115992K, reserved 1150976K
  class space    used 13455K, capacity 14708K, committed 14896K, reserved 1048576K
}
Event: 29878.649 GC heap before
{Heap before GC invocations=229 (full 12):
 PSYoungGen      total 219136K, used 183533K [0x00000000eab00000, 0x0000000100000000, 0x0000000100000000)
  eden space 141312K, 100% used [0x00000000eab00000,0x00000000f3500000,0x00000000f3500000)
  from space 77824K, 54% used [0x00000000fb400000,0x00000000fdd3b5f0,0x0000000100000000)
  to   space 103936K, 0% used [0x00000000f3500000,0x00000000f3500000,0x00000000f9a80000)
 ParOldGen       total 588288K, used 336883K [0x00000000c0000000, 0x00000000e3e80000, 0x00000000eab00000)
  object space 588288K, 57% used [0x00000000c0000000,0x00000000d48fcc38,0x00000000e3e80000)
 Metaspace       used 108704K, capacity 115424K, committed 115992K, reserved 1150976K
  class space    used 13455K, capacity 14708K, committed 14896K, reserved 1048576K
Event: 29878.670 GC heap after
Heap after GC invocations=229 (full 12):
 PSYoungGen      total 245248K, used 1728K [0x00000000eab00000, 0x0000000100000000, 0x0000000100000000)
  eden space 141312K, 0% used [0x00000000eab00000,0x00000000eab00000,0x00000000f3500000)
  from space 103936K, 1% used [0x00000000f3500000,0x00000000f36b0000,0x00000000f9a80000)
  to   space 102912K, 0% used [0x00000000f9b80000,0x00000000f9b80000,0x0000000100000000)
 ParOldGen       total 588288K, used 351280K [0x00000000c0000000, 0x00000000e3e80000, 0x00000000eab00000)
  object space 588288K, 59% used [0x00000000c0000000,0x00000000d570c3f0,0x00000000e3e80000)
 Metaspace       used 108704K, capacity 115424K, committed 115992K, reserved 1150976K
  class space    used 13455K, capacity 14708K, committed 14896K, reserved 1048576K
}
Event: 29879.114 GC heap before
{Heap before GC invocations=230 (full 12):
 PSYoungGen      total 245248K, used 143040K [0x00000000eab00000, 0x0000000100000000, 0x0000000100000000)
  eden space 141312K, 100% used [0x00000000eab00000,0x00000000f3500000,0x00000000f3500000)
  from space 103936K, 1% used [0x00000000f3500000,0x00000000f36b0000,0x00000000f9a80000)
  to   space 102912K, 0% used [0x00000000f9b80000,0x00000000f9b80000,0x0000000100000000)
 ParOldGen       total 588288K, used 352326K [0x00000000c0000000, 0x00000000e3e80000, 0x00000000eab00000)
  object space 588288K, 59% used [0x00000000c0000000,0x00000000d5811b70,0x00000000e3e80000)
 Metaspace       used 108712K, capacity 115488K, committed 115992K, reserved 1150976K
  class space    used 13455K, capacity 14708K, committed 14896K, reserved 1048576K
Event: 29879.124 GC heap after
Heap after GC invocations=230 (full 12):
 PSYoungGen      total 231936K, used 27945K [0x00000000eab00000, 0x00000000ff300000, 0x0000000100000000)
  eden space 142336K, 0% used [0x00000000eab00000,0x00000000eab00000,0x00000000f3600000)
  from space 89600K, 31% used [0x00000000f9b80000,0x00000000fb6ca700,0x00000000ff300000)
  to   space 96768K, 0% used [0x00000000f3600000,0x00000000f3600000,0x00000000f9480000)
 ParOldGen       total 588288K, used 353878K [0x00000000c0000000, 0x00000000e3e80000, 0x00000000eab00000)
  object space 588288K, 60% used [0x00000000c0000000,0x00000000d5995b70,0x00000000e3e80000)
 Metaspace       used 108712K, capacity 115488K, committed 115992K, reserved 1150976K
  class space    used 13455K, capacity 14708K, committed 14896K, reserved 1048576K
}
Event: 29880.918 GC heap before
{Heap before GC invocations=231 (full 12):
 PSYoungGen      total 231936K, used 170281K [0x00000000eab00000, 0x00000000ff300000, 0x0000000100000000)
  eden space 142336K, 100% used [0x00000000eab00000,0x00000000f3600000,0x00000000f3600000)
  from space 89600K, 31% used [0x00000000f9b80000,0x00000000fb6ca700,0x00000000ff300000)
  to   space 96768K, 0% used [0x00000000f3600000,0x00000000f3600000,0x00000000f9480000)
 ParOldGen       total 588288K, used 395154K [0x00000000c0000000, 0x00000000e3e80000, 0x00000000eab00000)
  object space 588288K, 67% used [0x00000000c0000000,0x00000000d81e4b60,0x00000000e3e80000)
 Metaspace       used 108712K, capacity 115488K, committed 115992K, reserved 1150976K
  class space    used 13455K, capacity 14708K, committed 14896K, reserved 1048576K
Event: 29880.929 GC heap after
Heap after GC invocations=231 (full 12):
 PSYoungGen      total 239104K, used 58297K [0x00000000eab00000, 0x0000000100000000, 0x0000000100000000)
  eden space 142336K, 0% used [0x00000000eab00000,0x00000000eab00000,0x00000000f3600000)
  from space 96768K, 60% used [0x00000000f3600000,0x00000000f6eee6e8,0x00000000f9480000)
  to   space 99840K, 0% used [0x00000000f9e80000,0x00000000f9e80000,0x0000000100000000)
 ParOldGen       total 588288K, used 406865K [0x00000000c0000000, 0x00000000e3e80000, 0x00000000eab00000)
  object space 588288K, 69% used [0x00000000c0000000,0x00000000d8d54708,0x00000000e3e80000)
 Metaspace       used 108712K, capacity 115488K, committed 115992K, reserved 1150976K
  class space    used 13455K, capacity 14708K, committed 14896K, reserved 1048576K
}

